
  .   ____          _            __ _ _
 /\\ / ___'_ __ _ _(_)_ __  __ _ \ \ \ \
( ( )\___ | '_ | '_| | '_ \/ _` | \ \ \ \
 \\/  ___)| |_)| | | | | || (_| |  ) ) ) )
  '  |____| .__|_| |_|_| |_\__, | / / / /
 =========|_|==============|___/=/_/_/_/
 :: Spring Boot ::               (v2.6.12)

2022-12-19 15:02:57.802  INFO [gatewayserver,,] 7060 --- [           main] c.e.g.GatewayserverApplication           : Starting GatewayserverApplication v0.0.1-SNAPSHOT using Java 11.0.13 on DESKTOP-Q1VBOT1 with PID 7060 (C:\Users\HP\Desktop\SpringBootProjects\udemy cours reworked\gatewayserver\target\gatewayserver-0.0.1-SNAPSHOT.war started by HP in C:\Users\HP\Desktop\SpringBootProjects\udemy cours reworked)
2022-12-19 15:02:57.807 DEBUG [gatewayserver,,] 7060 --- [           main] c.e.g.GatewayserverApplication           : Running with Spring Boot v2.6.12, Spring v5.3.23
2022-12-19 15:02:57.809  INFO [gatewayserver,,] 7060 --- [           main] c.e.g.GatewayserverApplication           : No active profile set, falling back to 1 default profile: "default"
2022-12-19 15:02:57.880  INFO [gatewayserver,,] 7060 --- [           main] o.s.c.c.c.ConfigServerConfigDataLoader   : Fetching config from server at : http://localhost:8071
2022-12-19 15:02:57.880  INFO [gatewayserver,,] 7060 --- [           main] o.s.c.c.c.ConfigServerConfigDataLoader   : Located environment: name=gatewayserver, profiles=[default], label=null, version=81731bac991833fe9694f4c1cb62aed8fe01942c, state=null
2022-12-19 15:02:59.868  INFO [gatewayserver,,] 7060 --- [           main] o.s.cloud.context.scope.GenericScope     : BeanFactory id=2e015351-f719-3372-9f4e-71c5eb1f0023
2022-12-19 15:03:00.356  INFO [gatewayserver,,] 7060 --- [           main] trationDelegate$BeanPostProcessorChecker : Bean 'org.springframework.cloud.client.loadbalancer.reactive.LoadBalancerBeanPostProcessorAutoConfiguration' of type [org.springframework.cloud.client.loadbalancer.reactive.LoadBalancerBeanPostProcessorAutoConfiguration] is not eligible for getting processed by all BeanPostProcessors (for example: not eligible for auto-proxying)
2022-12-19 15:03:00.359  INFO [gatewayserver,,] 7060 --- [           main] trationDelegate$BeanPostProcessorChecker : Bean 'org.springframework.cloud.client.loadbalancer.reactive.LoadBalancerBeanPostProcessorAutoConfiguration$ReactorDeferringLoadBalancerFilterConfig' of type [org.springframework.cloud.client.loadbalancer.reactive.LoadBalancerBeanPostProcessorAutoConfiguration$ReactorDeferringLoadBalancerFilterConfig] is not eligible for getting processed by all BeanPostProcessors (for example: not eligible for auto-proxying)
2022-12-19 15:03:00.362  INFO [gatewayserver,,] 7060 --- [           main] trationDelegate$BeanPostProcessorChecker : Bean 'reactorDeferringLoadBalancerExchangeFilterFunction' of type [org.springframework.cloud.client.loadbalancer.reactive.DeferringLoadBalancerExchangeFilterFunction] is not eligible for getting processed by all BeanPostProcessors (for example: not eligible for auto-proxying)
2022-12-19 15:03:01.113  INFO [gatewayserver,,] 7060 --- [           main] o.s.b.w.embedded.tomcat.TomcatWebServer  : Tomcat initialized with port(s): 8072 (http)
2022-12-19 15:03:01.127  INFO [gatewayserver,,] 7060 --- [           main] o.apache.catalina.core.StandardService   : Starting service [Tomcat]
2022-12-19 15:03:01.127  INFO [gatewayserver,,] 7060 --- [           main] org.apache.catalina.core.StandardEngine  : Starting Servlet engine: [Apache Tomcat/9.0.65]
2022-12-19 15:03:04.733  INFO [gatewayserver,,] 7060 --- [           main] o.s.c.g.r.RouteDefinitionRouteLocator    : Loaded RoutePredicateFactory [After]
2022-12-19 15:03:04.734  INFO [gatewayserver,,] 7060 --- [           main] o.s.c.g.r.RouteDefinitionRouteLocator    : Loaded RoutePredicateFactory [Before]
2022-12-19 15:03:04.734  INFO [gatewayserver,,] 7060 --- [           main] o.s.c.g.r.RouteDefinitionRouteLocator    : Loaded RoutePredicateFactory [Between]
2022-12-19 15:03:04.734  INFO [gatewayserver,,] 7060 --- [           main] o.s.c.g.r.RouteDefinitionRouteLocator    : Loaded RoutePredicateFactory [Cookie]
2022-12-19 15:03:04.734  INFO [gatewayserver,,] 7060 --- [           main] o.s.c.g.r.RouteDefinitionRouteLocator    : Loaded RoutePredicateFactory [Header]
2022-12-19 15:03:04.734  INFO [gatewayserver,,] 7060 --- [           main] o.s.c.g.r.RouteDefinitionRouteLocator    : Loaded RoutePredicateFactory [Host]
2022-12-19 15:03:04.734  INFO [gatewayserver,,] 7060 --- [           main] o.s.c.g.r.RouteDefinitionRouteLocator    : Loaded RoutePredicateFactory [Method]
2022-12-19 15:03:04.734  INFO [gatewayserver,,] 7060 --- [           main] o.s.c.g.r.RouteDefinitionRouteLocator    : Loaded RoutePredicateFactory [Path]
2022-12-19 15:03:04.734  INFO [gatewayserver,,] 7060 --- [           main] o.s.c.g.r.RouteDefinitionRouteLocator    : Loaded RoutePredicateFactory [Query]
2022-12-19 15:03:04.734  INFO [gatewayserver,,] 7060 --- [           main] o.s.c.g.r.RouteDefinitionRouteLocator    : Loaded RoutePredicateFactory [ReadBody]
2022-12-19 15:03:04.734  INFO [gatewayserver,,] 7060 --- [           main] o.s.c.g.r.RouteDefinitionRouteLocator    : Loaded RoutePredicateFactory [RemoteAddr]
2022-12-19 15:03:04.734  INFO [gatewayserver,,] 7060 --- [           main] o.s.c.g.r.RouteDefinitionRouteLocator    : Loaded RoutePredicateFactory [XForwardedRemoteAddr]
2022-12-19 15:03:04.734  INFO [gatewayserver,,] 7060 --- [           main] o.s.c.g.r.RouteDefinitionRouteLocator    : Loaded RoutePredicateFactory [Weight]
2022-12-19 15:03:04.734  INFO [gatewayserver,,] 7060 --- [           main] o.s.c.g.r.RouteDefinitionRouteLocator    : Loaded RoutePredicateFactory [CloudFoundryRouteService]
2022-12-19 15:03:05.681  INFO [gatewayserver,,] 7060 --- [           main] o.s.b.a.e.web.EndpointLinksResolver      : Exposing 18 endpoint(s) beneath base path '/actuator'
2022-12-19 15:03:05.947  WARN [gatewayserver,,] 7060 --- [           main] onfigReactiveWebServerApplicationContext : Exception encountered during context initialization - cancelling refresh attempt: org.springframework.beans.factory.BeanCreationException: Error creating bean with name 'httpHandler' defined in class path resource [org/springframework/boot/autoconfigure/web/reactive/HttpHandlerAutoConfiguration$AnnotationConfig.class]: Bean instantiation via factory method failed; nested exception is org.springframework.beans.BeanInstantiationException: Failed to instantiate [org.springframework.http.server.reactive.HttpHandler]: Factory method 'httpHandler' threw exception; nested exception is org.springframework.beans.factory.UnsatisfiedDependencyException: Error creating bean with name 'traceFilter' defined in class path resource [org/springframework/cloud/sleuth/autoconfig/instrument/web/TraceWebFluxConfiguration.class]: Unsatisfied dependency expressed through method 'traceFilter' parameter 0; nested exception is org.springframework.beans.factory.UnsatisfiedDependencyException: Error creating bean with name 'braveTracer' defined in class path resource [org/springframework/cloud/sleuth/autoconfig/brave/BraveBridgeConfiguration.class]: Unsatisfied dependency expressed through method 'braveTracer' parameter 0; nested exception is org.springframework.beans.factory.UnsatisfiedDependencyException: Error creating bean with name 'tracer' defined in class path resource [org/springframework/cloud/sleuth/autoconfig/brave/BraveAutoConfiguration.class]: Unsatisfied dependency expressed through method 'tracer' parameter 0; nested exception is org.springframework.beans.factory.UnsatisfiedDependencyException: Error creating bean with name 'tracing' defined in class path resource [org/springframework/cloud/sleuth/autoconfig/brave/BraveAutoConfiguration.class]: Unsatisfied dependency expressed through method 'tracing' parameter 5; nested exception is org.springframework.beans.factory.UnsatisfiedDependencyException: Error creating bean with name 'zipkinSpanHandler' defined in class path resource [org/springframework/cloud/sleuth/autoconfig/zipkin2/ZipkinBraveConfiguration.class]: Unsatisfied dependency expressed through method 'zipkinSpanHandler' parameter 0; nested exception is org.springframework.beans.factory.UnsatisfiedDependencyException: Error creating bean with name 'zipkinReporter' defined in class path resource [org/springframework/cloud/sleuth/autoconfig/zipkin2/ZipkinAutoConfiguration.class]: Unsatisfied dependency expressed through method 'reporter' parameter 2; nested exception is org.springframework.beans.factory.NoSuchBeanDefinitionException: No qualifying bean of type 'zipkin2.reporter.Sender' available: expected at least 1 bean which qualifies as autowire candidate. Dependency annotations: {@org.springframework.beans.factory.annotation.Qualifier(value="zipkinSender")}
2022-12-19 15:03:05.956  INFO [gatewayserver,,] 7060 --- [           main] o.apache.catalina.core.StandardService   : Stopping service [Tomcat]
2022-12-19 15:03:05.990  INFO [gatewayserver,,] 7060 --- [           main] ConditionEvaluationReportLoggingListener : 

Error starting ApplicationContext. To display the conditions report re-run your application with 'debug' enabled.
2022-12-19 15:03:06.026 ERROR [gatewayserver,,] 7060 --- [           main] o.s.b.d.LoggingFailureAnalysisReporter   : 

***************************
APPLICATION FAILED TO START
***************************

Description:

Parameter 2 of method reporter in org.springframework.cloud.sleuth.autoconfig.zipkin2.ZipkinAutoConfiguration required a bean of type 'zipkin2.reporter.Sender' that could not be found.


Action:

Consider defining a bean of type 'zipkin2.reporter.Sender' in your configuration.


  .   ____          _            __ _ _
 /\\ / ___'_ __ _ _(_)_ __  __ _ \ \ \ \
( ( )\___ | '_ | '_| | '_ \/ _` | \ \ \ \
 \\/  ___)| |_)| | | | | || (_| |  ) ) ) )
  '  |____| .__|_| |_|_| |_\__, | / / / /
 =========|_|==============|___/=/_/_/_/
 :: Spring Boot ::               (v2.6.12)

2022-12-19 15:06:31.188  INFO [gatewayserver,,] 3444 --- [           main] c.e.g.GatewayserverApplication           : Starting GatewayserverApplication v0.0.1-SNAPSHOT using Java 11.0.13 on DESKTOP-Q1VBOT1 with PID 3444 (C:\Users\HP\Desktop\SpringBootProjects\udemy cours reworked\gatewayserver\target\gatewayserver-0.0.1-SNAPSHOT.war started by HP in C:\Users\HP\Desktop\SpringBootProjects\udemy cours reworked)
2022-12-19 15:06:31.194 DEBUG [gatewayserver,,] 3444 --- [           main] c.e.g.GatewayserverApplication           : Running with Spring Boot v2.6.12, Spring v5.3.23
2022-12-19 15:06:31.196  INFO [gatewayserver,,] 3444 --- [           main] c.e.g.GatewayserverApplication           : No active profile set, falling back to 1 default profile: "default"
2022-12-19 15:06:31.294  INFO [gatewayserver,,] 3444 --- [           main] o.s.c.c.c.ConfigServerConfigDataLoader   : Fetching config from server at : http://localhost:8071
2022-12-19 15:06:31.295  INFO [gatewayserver,,] 3444 --- [           main] o.s.c.c.c.ConfigServerConfigDataLoader   : Located environment: name=gatewayserver, profiles=[default], label=null, version=81731bac991833fe9694f4c1cb62aed8fe01942c, state=null
2022-12-19 15:06:33.547  INFO [gatewayserver,,] 3444 --- [           main] o.s.cloud.context.scope.GenericScope     : BeanFactory id=0d37a622-efa6-3593-abb4-c9af38858a02
2022-12-19 15:06:34.043  INFO [gatewayserver,,] 3444 --- [           main] trationDelegate$BeanPostProcessorChecker : Bean 'org.springframework.cloud.client.loadbalancer.reactive.LoadBalancerBeanPostProcessorAutoConfiguration' of type [org.springframework.cloud.client.loadbalancer.reactive.LoadBalancerBeanPostProcessorAutoConfiguration] is not eligible for getting processed by all BeanPostProcessors (for example: not eligible for auto-proxying)
2022-12-19 15:06:34.046  INFO [gatewayserver,,] 3444 --- [           main] trationDelegate$BeanPostProcessorChecker : Bean 'org.springframework.cloud.client.loadbalancer.reactive.LoadBalancerBeanPostProcessorAutoConfiguration$ReactorDeferringLoadBalancerFilterConfig' of type [org.springframework.cloud.client.loadbalancer.reactive.LoadBalancerBeanPostProcessorAutoConfiguration$ReactorDeferringLoadBalancerFilterConfig] is not eligible for getting processed by all BeanPostProcessors (for example: not eligible for auto-proxying)
2022-12-19 15:06:34.049  INFO [gatewayserver,,] 3444 --- [           main] trationDelegate$BeanPostProcessorChecker : Bean 'reactorDeferringLoadBalancerExchangeFilterFunction' of type [org.springframework.cloud.client.loadbalancer.reactive.DeferringLoadBalancerExchangeFilterFunction] is not eligible for getting processed by all BeanPostProcessors (for example: not eligible for auto-proxying)
2022-12-19 15:06:34.791  INFO [gatewayserver,,] 3444 --- [           main] o.s.b.w.embedded.tomcat.TomcatWebServer  : Tomcat initialized with port(s): 8072 (http)
2022-12-19 15:06:34.805  INFO [gatewayserver,,] 3444 --- [           main] o.apache.catalina.core.StandardService   : Starting service [Tomcat]
2022-12-19 15:06:34.805  INFO [gatewayserver,,] 3444 --- [           main] org.apache.catalina.core.StandardEngine  : Starting Servlet engine: [Apache Tomcat/9.0.65]
2022-12-19 15:06:37.660  INFO [gatewayserver,,] 3444 --- [           main] o.s.c.g.r.RouteDefinitionRouteLocator    : Loaded RoutePredicateFactory [After]
2022-12-19 15:06:37.660  INFO [gatewayserver,,] 3444 --- [           main] o.s.c.g.r.RouteDefinitionRouteLocator    : Loaded RoutePredicateFactory [Before]
2022-12-19 15:06:37.660  INFO [gatewayserver,,] 3444 --- [           main] o.s.c.g.r.RouteDefinitionRouteLocator    : Loaded RoutePredicateFactory [Between]
2022-12-19 15:06:37.660  INFO [gatewayserver,,] 3444 --- [           main] o.s.c.g.r.RouteDefinitionRouteLocator    : Loaded RoutePredicateFactory [Cookie]
2022-12-19 15:06:37.660  INFO [gatewayserver,,] 3444 --- [           main] o.s.c.g.r.RouteDefinitionRouteLocator    : Loaded RoutePredicateFactory [Header]
2022-12-19 15:06:37.660  INFO [gatewayserver,,] 3444 --- [           main] o.s.c.g.r.RouteDefinitionRouteLocator    : Loaded RoutePredicateFactory [Host]
2022-12-19 15:06:37.660  INFO [gatewayserver,,] 3444 --- [           main] o.s.c.g.r.RouteDefinitionRouteLocator    : Loaded RoutePredicateFactory [Method]
2022-12-19 15:06:37.660  INFO [gatewayserver,,] 3444 --- [           main] o.s.c.g.r.RouteDefinitionRouteLocator    : Loaded RoutePredicateFactory [Path]
2022-12-19 15:06:37.661  INFO [gatewayserver,,] 3444 --- [           main] o.s.c.g.r.RouteDefinitionRouteLocator    : Loaded RoutePredicateFactory [Query]
2022-12-19 15:06:37.661  INFO [gatewayserver,,] 3444 --- [           main] o.s.c.g.r.RouteDefinitionRouteLocator    : Loaded RoutePredicateFactory [ReadBody]
2022-12-19 15:06:37.661  INFO [gatewayserver,,] 3444 --- [           main] o.s.c.g.r.RouteDefinitionRouteLocator    : Loaded RoutePredicateFactory [RemoteAddr]
2022-12-19 15:06:37.661  INFO [gatewayserver,,] 3444 --- [           main] o.s.c.g.r.RouteDefinitionRouteLocator    : Loaded RoutePredicateFactory [XForwardedRemoteAddr]
2022-12-19 15:06:37.661  INFO [gatewayserver,,] 3444 --- [           main] o.s.c.g.r.RouteDefinitionRouteLocator    : Loaded RoutePredicateFactory [Weight]
2022-12-19 15:06:37.661  INFO [gatewayserver,,] 3444 --- [           main] o.s.c.g.r.RouteDefinitionRouteLocator    : Loaded RoutePredicateFactory [CloudFoundryRouteService]
2022-12-19 15:06:39.955  INFO [gatewayserver,,] 3444 --- [           main] o.s.b.a.e.web.EndpointLinksResolver      : Exposing 18 endpoint(s) beneath base path '/actuator'
2022-12-19 15:06:41.029  INFO [gatewayserver,,] 3444 --- [           main] DiscoveryClientOptionalArgsConfiguration : Eureka HTTP Client uses RestTemplate.
2022-12-19 15:06:41.843  WARN [gatewayserver,,] 3444 --- [           main] iguration$LoadBalancerCaffeineWarnLogger : Spring Cloud LoadBalancer is currently working with the default cache. While this cache implementation is useful for development and tests, it's recommended to use Caffeine cache in production.You can switch to using Caffeine cache, by adding it and org.springframework.cache.caffeine.CaffeineCacheManager to the classpath.
2022-12-19 15:06:41.919  INFO [gatewayserver,,] 3444 --- [           main] o.s.c.n.eureka.InstanceInfoFactory       : Setting initial instance status as: STARTING
2022-12-19 15:06:42.083  INFO [gatewayserver,,] 3444 --- [           main] com.netflix.discovery.DiscoveryClient    : Initializing Eureka in region us-east-1
2022-12-19 15:06:42.097  INFO [gatewayserver,,] 3444 --- [           main] c.n.d.s.r.aws.ConfigClusterResolver      : Resolving eureka endpoints via configuration
2022-12-19 15:06:42.146  INFO [gatewayserver,,] 3444 --- [           main] com.netflix.discovery.DiscoveryClient    : Disable delta property : false
2022-12-19 15:06:42.146  INFO [gatewayserver,,] 3444 --- [           main] com.netflix.discovery.DiscoveryClient    : Single vip registry refresh property : null
2022-12-19 15:06:42.146  INFO [gatewayserver,,] 3444 --- [           main] com.netflix.discovery.DiscoveryClient    : Force full registry fetch : false
2022-12-19 15:06:42.146  INFO [gatewayserver,,] 3444 --- [           main] com.netflix.discovery.DiscoveryClient    : Application is null : false
2022-12-19 15:06:42.147  INFO [gatewayserver,,] 3444 --- [           main] com.netflix.discovery.DiscoveryClient    : Registered Applications size is zero : true
2022-12-19 15:06:42.147  INFO [gatewayserver,,] 3444 --- [           main] com.netflix.discovery.DiscoveryClient    : Application version is -1: true
2022-12-19 15:06:42.147  INFO [gatewayserver,,] 3444 --- [           main] com.netflix.discovery.DiscoveryClient    : Getting all instance registry info from the eureka server
2022-12-19 15:06:42.624  INFO [gatewayserver,,] 3444 --- [           main] com.netflix.discovery.DiscoveryClient    : The response status is 200
2022-12-19 15:06:42.628  INFO [gatewayserver,,] 3444 --- [           main] com.netflix.discovery.DiscoveryClient    : Starting heartbeat executor: renew interval is: 30
2022-12-19 15:06:42.633  INFO [gatewayserver,,] 3444 --- [           main] c.n.discovery.InstanceInfoReplicator     : InstanceInfoReplicator onDemand update allowed rate per min is 4
2022-12-19 15:06:42.640  INFO [gatewayserver,,] 3444 --- [           main] com.netflix.discovery.DiscoveryClient    : Discovery Client initialized at timestamp 1671458802639 with initial instances count: 3
2022-12-19 15:06:42.645  INFO [gatewayserver,,] 3444 --- [           main] o.s.c.n.e.s.EurekaServiceRegistry        : Registering application GATEWAYSERVER with eureka with status UP
2022-12-19 15:06:42.646  INFO [gatewayserver,,] 3444 --- [           main] com.netflix.discovery.DiscoveryClient    : Saw local status change event StatusChangeEvent [timestamp=1671458802646, current=UP, previous=STARTING]
2022-12-19 15:06:42.659  INFO [gatewayserver,,] 3444 --- [nfoReplicator-0] com.netflix.discovery.DiscoveryClient    : DiscoveryClient_GATEWAYSERVER/host.docker.internal:gatewayserver:8072: registering service...
2022-12-19 15:06:42.886  INFO [gatewayserver,,] 3444 --- [nfoReplicator-0] com.netflix.discovery.DiscoveryClient    : DiscoveryClient_GATEWAYSERVER/host.docker.internal:gatewayserver:8072 - registration status: 204
2022-12-19 15:06:43.160  INFO [gatewayserver,,] 3444 --- [           main] o.s.b.w.embedded.tomcat.TomcatWebServer  : Tomcat started on port(s): 8072 (http) with context path ''
2022-12-19 15:06:43.162  INFO [gatewayserver,,] 3444 --- [           main] .s.c.n.e.s.EurekaAutoServiceRegistration : Updating port to 8072
2022-12-19 15:06:45.125  INFO [gatewayserver,,] 3444 --- [           main] c.e.g.GatewayserverApplication           : Started GatewayserverApplication in 17.182 seconds (JVM running for 18.088)
2022-12-19 15:08:43.477  INFO [gatewayserver,,] 3444 --- [tbeatExecutor-0] com.netflix.discovery.DiscoveryClient    : DiscoveryClient_GATEWAYSERVER/host.docker.internal:gatewayserver:8072 - Re-registering apps/GATEWAYSERVER
2022-12-19 15:08:43.502  INFO [gatewayserver,,] 3444 --- [tbeatExecutor-0] com.netflix.discovery.DiscoveryClient    : DiscoveryClient_GATEWAYSERVER/host.docker.internal:gatewayserver:8072: registering service...
2022-12-19 15:08:43.568  INFO [gatewayserver,,] 3444 --- [tbeatExecutor-0] com.netflix.discovery.DiscoveryClient    : DiscoveryClient_GATEWAYSERVER/host.docker.internal:gatewayserver:8072 - registration status: 204
2022-12-19 15:11:42.186  INFO [gatewayserver,,] 3444 --- [trap-executor-0] c.n.d.s.r.aws.ConfigClusterResolver      : Resolving eureka endpoints via configuration
2022-12-19 15:16:42.220  INFO [gatewayserver,,] 3444 --- [trap-executor-0] c.n.d.s.r.aws.ConfigClusterResolver      : Resolving eureka endpoints via configuration
2022-12-19 15:21:42.224  INFO [gatewayserver,,] 3444 --- [trap-executor-0] c.n.d.s.r.aws.ConfigClusterResolver      : Resolving eureka endpoints via configuration
2022-12-19 15:26:42.243  INFO [gatewayserver,,] 3444 --- [trap-executor-0] c.n.d.s.r.aws.ConfigClusterResolver      : Resolving eureka endpoints via configuration
2022-12-19 15:31:42.247  INFO [gatewayserver,,] 3444 --- [trap-executor-0] c.n.d.s.r.aws.ConfigClusterResolver      : Resolving eureka endpoints via configuration
2022-12-19 15:36:42.252  INFO [gatewayserver,,] 3444 --- [trap-executor-0] c.n.d.s.r.aws.ConfigClusterResolver      : Resolving eureka endpoints via configuration
2022-12-19 15:41:42.267  INFO [gatewayserver,,] 3444 --- [trap-executor-0] c.n.d.s.r.aws.ConfigClusterResolver      : Resolving eureka endpoints via configuration
2022-12-19 15:46:42.273  INFO [gatewayserver,,] 3444 --- [trap-executor-0] c.n.d.s.r.aws.ConfigClusterResolver      : Resolving eureka endpoints via configuration
2022-12-19 15:51:42.281  INFO [gatewayserver,,] 3444 --- [trap-executor-0] c.n.d.s.r.aws.ConfigClusterResolver      : Resolving eureka endpoints via configuration
2022-12-19 15:56:42.299  INFO [gatewayserver,,] 3444 --- [trap-executor-0] c.n.d.s.r.aws.ConfigClusterResolver      : Resolving eureka endpoints via configuration
2022-12-19 16:01:42.311  INFO [gatewayserver,,] 3444 --- [trap-executor-0] c.n.d.s.r.aws.ConfigClusterResolver      : Resolving eureka endpoints via configuration
2022-12-19 16:06:42.314  INFO [gatewayserver,,] 3444 --- [trap-executor-0] c.n.d.s.r.aws.ConfigClusterResolver      : Resolving eureka endpoints via configuration
2022-12-19 16:11:42.321  INFO [gatewayserver,,] 3444 --- [trap-executor-0] c.n.d.s.r.aws.ConfigClusterResolver      : Resolving eureka endpoints via configuration
2022-12-19 16:16:42.324  INFO [gatewayserver,,] 3444 --- [trap-executor-0] c.n.d.s.r.aws.ConfigClusterResolver      : Resolving eureka endpoints via configuration
2022-12-19 16:21:42.333  INFO [gatewayserver,,] 3444 --- [trap-executor-0] c.n.d.s.r.aws.ConfigClusterResolver      : Resolving eureka endpoints via configuration
2022-12-19 16:26:42.342  INFO [gatewayserver,,] 3444 --- [trap-executor-0] c.n.d.s.r.aws.ConfigClusterResolver      : Resolving eureka endpoints via configuration
2022-12-19 16:31:42.350  INFO [gatewayserver,,] 3444 --- [trap-executor-0] c.n.d.s.r.aws.ConfigClusterResolver      : Resolving eureka endpoints via configuration
2022-12-19 16:36:42.366  INFO [gatewayserver,,] 3444 --- [trap-executor-0] c.n.d.s.r.aws.ConfigClusterResolver      : Resolving eureka endpoints via configuration
2022-12-19 16:41:42.377  INFO [gatewayserver,,] 3444 --- [trap-executor-0] c.n.d.s.r.aws.ConfigClusterResolver      : Resolving eureka endpoints via configuration
2022-12-19 16:46:42.386  INFO [gatewayserver,,] 3444 --- [trap-executor-0] c.n.d.s.r.aws.ConfigClusterResolver      : Resolving eureka endpoints via configuration
2022-12-19 16:51:42.391  INFO [gatewayserver,,] 3444 --- [trap-executor-0] c.n.d.s.r.aws.ConfigClusterResolver      : Resolving eureka endpoints via configuration
2022-12-19 16:56:42.403  INFO [gatewayserver,,] 3444 --- [trap-executor-0] c.n.d.s.r.aws.ConfigClusterResolver      : Resolving eureka endpoints via configuration
2022-12-19 17:01:42.419  INFO [gatewayserver,,] 3444 --- [trap-executor-0] c.n.d.s.r.aws.ConfigClusterResolver      : Resolving eureka endpoints via configuration
2022-12-19 17:06:42.430  INFO [gatewayserver,,] 3444 --- [trap-executor-0] c.n.d.s.r.aws.ConfigClusterResolver      : Resolving eureka endpoints via configuration
2022-12-19 17:11:42.433  INFO [gatewayserver,,] 3444 --- [trap-executor-0] c.n.d.s.r.aws.ConfigClusterResolver      : Resolving eureka endpoints via configuration
ACLOCAL_PATH=/mingw64/share/aclocal:/usr/share/aclocal
ALLUSERSPROFILE='C:\ProgramData'
APPDATA='C:\Users\rkhalledi\AppData\Roaming'
BASH=/bin/sh
BASHOPTS=cmdhist:complete_fullquote:extquote:force_fignore:hostcomplete:interactive_comments:progcomp:promptvars:sourcepath
BASH_ALIASES=()
BASH_ARGC=()
BASH_ARGV=()
BASH_CMDS=()
BASH_LINENO=([0]="0")
BASH_SOURCE=([0]="./image-builder.sh")
BASH_VERSINFO=([0]="4" [1]="4" [2]="23" [3]="2" [4]="release" [5]="x86_64-pc-msys")
BASH_VERSION='4.4.23(2)-release'
COMMONPROGRAMFILES='C:\Program Files\Common Files'
COMPUTERNAME=TNLT925
COMSPEC='C:\Windows\system32\cmd.exe'
CONFIG_SITE=/etc/config.site
ChocolateyInstall='C:\ProgramData\chocolatey'
ChocolateyLastPathUpdate=133050466887444700
ChocolateyToolsLocation='C:\tools'
CommonProgramW6432='C:\Program Files\Common Files'
DIRSTACK=()
DISPLAY=needs-to-be-defined
DriverData='C:\Windows\System32\Drivers\DriverData'
EUID=1077012
EXEPATH='C:\Program Files\Git'
GROUPS=()
HOME=/c/Users/rkhalledi
HOMEDRIVE=C:
HOMEPATH='\Users\rkhalledi'
HOSTNAME=TNLT925
HOSTTYPE=x86_64
IFS=' 	
'
INFOPATH=/usr/local/info:/usr/share/info:/usr/info:/share/info
LC_CTYPE=en_US.UTF-8
LOCALAPPDATA='C:\Users\rkhalledi\AppData\Local'
LOGONSERVER='\\ADDS-LAC2'
MACHTYPE=x86_64-pc-msys
MANPATH=/mingw64/local/man:/mingw64/share/man:/usr/local/man:/usr/share/man:/usr/man:/share/man
MINGW_CHOST=x86_64-w64-mingw32
MINGW_PACKAGE_PREFIX=mingw-w64-x86_64
MINGW_PREFIX=/mingw64
MSYSTEM=MINGW64
MSYSTEM_CARCH=x86_64
MSYSTEM_CHOST=x86_64-w64-mingw32
MSYSTEM_PREFIX=/mingw64
NUMBER_OF_PROCESSORS=8
OLDPWD=/c/Users/rkhalledi
OPTERR=1
OPTIND=1
ORIGINAL_PATH='/mingw64/bin:/usr/bin:/c/Users/rkhalledi/bin:/c/Program Files/Java/jdk-11.0.13/bin:/c/Windows/system32:/c/Windows:/c/Windows/System32/Wbem:/c/Windows/System32/WindowsPowerShell/v1.0:/c/Windows/System32/OpenSSH:/c/Program Files (x86)/Sennheiser/SoftphoneSDK:/c/Program Files/SlikSvn/bin:/c/Program Files/TortoiseSVN/bin:/c/Program Files (x86)/Intel/Intel(R) Management Engine Components/DAL:/c/Program Files/Intel/Intel(R) Management Engine Components/DAL:/c/Program Files/PuTTY:/c/Users/rkhalledi/AppData/Local/Programs/Microsoft VS Code/bin:/c/flutter_windows_2.10.3-stable/flutter/bin:/cmd:/c/Program Files/apache-maven-3.8.5/bin:/c/Program Files/MySQL/MySQL Server 8.0/bin:/c/Program Files (x86)/Kaspersky Lab/Endpoint Agent:/c/Program Files/nodejs:/c/Program Files (x86)/Microsoft SQL Server/150/DTS/Binn:/c/Program Files/Azure Data Studio/bin:/c/Program Files/Microsoft SQL Server/Client SDK/ODBC/170/Tools/Binn:/c/Program Files (x86)/Microsoft SQL Server/150/Tools/Binn:/c/Program Files/Microsoft SQL Server/150/Tools/Binn:/c/Program Files/Microsoft SQL Server/150/DTS/Binn:/c/ProgramData/chocolatey/bin:/c/Program Files/MariaDB/MariaDB Connector C 64-bit/lib:/c/Program Files/MariaDB/MariaDB Connector C 64-bit/lib/plugin:/c/Program Files/dotnet:/c/Program Files/Docker/Docker/resources/bin:/c/Program Files/MySQL/MySQL Shell 8.0/bin:/c/Users/rkhalledi/AppData/Local/Microsoft/WindowsApps:/c/Users/rkhalledi/AppData/Local/Programs/Microsoft VS Code/bin:/c/Users/rkhalledi/AppData/Roaming/npm:/c/Program Files/Azure Data Studio/bin:/c/Users/rkhalledi/Documents/WindowsPowerShell/Scripts:/c/Program Files/Graphviz/bin'
ORIGINAL_TEMP=/tmp
ORIGINAL_TMP=/tmp
OS=Windows_NT
OSTYPE=msys
OneDrive='C:\Users\rkhalledi\OneDrive'
PATH='/c/Users/rkhalledi/bin:/mingw64/bin:/usr/local/bin:/usr/bin:/bin:/mingw64/bin:/usr/bin:/c/Users/rkhalledi/bin:/c/Program Files/Java/jdk-11.0.13/bin:/c/Windows/system32:/c/Windows:/c/Windows/System32/Wbem:/c/Windows/System32/WindowsPowerShell/v1.0:/c/Windows/System32/OpenSSH:/c/Program Files (x86)/Sennheiser/SoftphoneSDK:/c/Program Files/SlikSvn/bin:/c/Program Files/TortoiseSVN/bin:/c/Program Files (x86)/Intel/Intel(R) Management Engine Components/DAL:/c/Program Files/Intel/Intel(R) Management Engine Components/DAL:/c/Program Files/PuTTY:/c/Users/rkhalledi/AppData/Local/Programs/Microsoft VS Code/bin:/c/flutter_windows_2.10.3-stable/flutter/bin:/cmd:/c/Program Files/apache-maven-3.8.5/bin:/c/Program Files/MySQL/MySQL Server 8.0/bin:/c/Program Files (x86)/Kaspersky Lab/Endpoint Agent:/c/Program Files/nodejs:/c/Program Files (x86)/Microsoft SQL Server/150/DTS/Binn:/c/Program Files/Azure Data Studio/bin:/c/Program Files/Microsoft SQL Server/Client SDK/ODBC/170/Tools/Binn:/c/Program Files (x86)/Microsoft SQL Server/150/Tools/Binn:/c/Program Files/Microsoft SQL Server/150/Tools/Binn:/c/Program Files/Microsoft SQL Server/150/DTS/Binn:/c/ProgramData/chocolatey/bin:/c/Program Files/MariaDB/MariaDB Connector C 64-bit/lib:/c/Program Files/MariaDB/MariaDB Connector C 64-bit/lib/plugin:/c/Program Files/dotnet:/c/Program Files/Docker/Docker/resources/bin:/c/Program Files/MySQL/MySQL Shell 8.0/bin:/c/Users/rkhalledi/AppData/Local/Microsoft/WindowsApps:/c/Users/rkhalledi/AppData/Local/Programs/Microsoft VS Code/bin:/c/Users/rkhalledi/AppData/Roaming/npm:/c/Program Files/Azure Data Studio/bin:/c/Users/rkhalledi/Documents/WindowsPowerShell/Scripts:/c/Program Files/Graphviz/bin:/usr/bin/vendor_perl:/usr/bin/core_perl'
PATHEXT='.COM;.EXE;.BAT;.CMD;.VBS;.VBE;.JS;.JSE;.WSF;.WSH;.MSC'
PKG_CONFIG_PATH=/mingw64/lib/pkgconfig:/mingw64/share/pkgconfig
PLINK_PROTOCOL=ssh
POSIXLY_CORRECT=y
PPID=1868
PROCESSOR_ARCHITECTURE=AMD64
PROCESSOR_IDENTIFIER='Intel64 Family 6 Model 142 Stepping 10, GenuineIntel'
PROCESSOR_LEVEL=6
PROCESSOR_REVISION=8e0a
PROGRAMFILES='C:\Program Files'
PS4='+ '
PSModulePath='C:\Program Files\WindowsPowerShell\Modules;C:\Windows\system32\WindowsPowerShell\v1.0\Modules;C:\Program Files (x86)\Microsoft SQL Server\150\Tools\PowerShell\Modules\'
PUBLIC='C:\Users\Public'
PWD=/c/Users/rkhalledi/Desktop/springBootProjects/accounts-MS
ProgramData='C:\ProgramData'
ProgramW6432='C:\Program Files'
SESSIONNAME=Console
SHELL=/usr/bin/bash
SHELLOPTS=braceexpand:hashall:interactive-comments:posix
SHLVL=2
SSH_ASKPASS=/mingw64/bin/git-askpass.exe
SYSTEMDRIVE=C:
SYSTEMROOT='C:\Windows'
TEMP=/tmp
TERM=xterm
TERM_PROGRAM=mintty
TERM_PROGRAM_VERSION=3.5.2
TMP=/tmp
TMPDIR=/tmp
UATDATA='C:\Windows\CCM\UATData\D9F8C395-CAB8-491d-B8AC-179A1FE1BE77'
UID=1077012
USERDNSDOMAIN=VERMEG.COM
USERDOMAIN=VERMEG
USERDOMAIN_ROAMINGPROFILE=VERMEG
USERNAME=rkhalledi
USERPROFILE='C:\Users\rkhalledi'
WINDIR='C:\Windows'
_=/usr/bin/nohup
./image-builder.sh: line 2: -a: command not found
[INFO] Scanning for projects...
[WARNING] 
[WARNING] Some problems were encountered while building the effective model for com.eazybytes:configserver:jar:0.0.1-SNAPSHOT
[WARNING] 'build.plugins.plugin.(groupId:artifactId)' must be unique but found duplicate declaration of plugin org.springframework.boot:spring-boot-maven-plugin @ line 92, column 12
[WARNING] 
[WARNING] It is highly recommended to fix these problems because they threaten the stability of your build.
[WARNING] 
[WARNING] For this reason, future Maven versions might no longer support building such malformed projects.
[WARNING] 
[INFO] 
[INFO] ---------------------< com.eazybytes:configserver >---------------------
[INFO] Building configserver 0.0.1-SNAPSHOT
[INFO] --------------------------------[ jar ]---------------------------------
[INFO] 
[INFO] >>> spring-boot-maven-plugin:2.6.12:build-image (default-cli) > package @ configserver >>>
[INFO] 
[INFO] --- maven-resources-plugin:3.2.0:resources (default-resources) @ configserver ---
[INFO] Using 'UTF-8' encoding to copy filtered resources.
[INFO] Using 'UTF-8' encoding to copy filtered properties files.
[INFO] Copying 1 resource
[INFO] Copying 9 resources
[INFO] 
[INFO] --- maven-compiler-plugin:3.8.1:compile (default-compile) @ configserver ---
[INFO] Nothing to compile - all classes are up to date
[INFO] 
[INFO] --- maven-resources-plugin:3.2.0:testResources (default-testResources) @ configserver ---
[INFO] Using 'UTF-8' encoding to copy filtered resources.
[INFO] Using 'UTF-8' encoding to copy filtered properties files.
[INFO] skip non existing resourceDirectory C:\Users\rkhalledi\Desktop\springBootProjects\accounts-MS\configserver\src\test\resources
[INFO] 
[INFO] --- maven-compiler-plugin:3.8.1:testCompile (default-testCompile) @ configserver ---
[INFO] Nothing to compile - all classes are up to date
[INFO] 
[INFO] --- maven-surefire-plugin:2.22.2:test (default-test) @ configserver ---
[INFO] Tests are skipped.
[INFO] 
[INFO] --- maven-jar-plugin:3.2.2:jar (default-jar) @ configserver ---
[INFO] 
[INFO] --- spring-boot-maven-plugin:2.6.12:repackage (repackage) @ configserver ---
[INFO] Replacing main artifact with repackaged archive
[INFO] 
[INFO] <<< spring-boot-maven-plugin:2.6.12:build-image (default-cli) < package @ configserver <<<
[INFO] 
[INFO] 
[INFO] --- spring-boot-maven-plugin:2.6.12:build-image (default-cli) @ configserver ---
[INFO] Building image 'docker.io/eazybytes/configserver:latest'
[INFO] 
[INFO]  > Pulling builder image 'docker.io/paketobuildpacks/builder:base' 0%
[INFO]  > Pulling builder image 'docker.io/paketobuildpacks/builder:base' 1%
[INFO]  > Pulling builder image 'docker.io/paketobuildpacks/builder:base' 1%
[INFO]  > Pulling builder image 'docker.io/paketobuildpacks/builder:base' 2%
[INFO]  > Pulling builder image 'docker.io/paketobuildpacks/builder:base' 2%
[INFO]  > Pulling builder image 'docker.io/paketobuildpacks/builder:base' 2%
[INFO]  > Pulling builder image 'docker.io/paketobuildpacks/builder:base' 3%
[INFO]  > Pulling builder image 'docker.io/paketobuildpacks/builder:base' 3%
[INFO]  > Pulling builder image 'docker.io/paketobuildpacks/builder:base' 3%
[INFO]  > Pulling builder image 'docker.io/paketobuildpacks/builder:base' 3%
[INFO]  > Pulling builder image 'docker.io/paketobuildpacks/builder:base' 3%
[INFO]  > Pulling builder image 'docker.io/paketobuildpacks/builder:base' 3%
[INFO]  > Pulling builder image 'docker.io/paketobuildpacks/builder:base' 3%
[INFO]  > Pulling builder image 'docker.io/paketobuildpacks/builder:base' 3%
[INFO]  > Pulling builder image 'docker.io/paketobuildpacks/builder:base' 3%
[INFO]  > Pulling builder image 'docker.io/paketobuildpacks/builder:base' 3%
[INFO]  > Pulling builder image 'docker.io/paketobuildpacks/builder:base' 3%
[INFO]  > Pulling builder image 'docker.io/paketobuildpacks/builder:base' 3%
[INFO]  > Pulling builder image 'docker.io/paketobuildpacks/builder:base' 3%
[INFO]  > Pulling builder image 'docker.io/paketobuildpacks/builder:base' 3%
[INFO]  > Pulling builder image 'docker.io/paketobuildpacks/builder:base' 3%
[INFO]  > Pulling builder image 'docker.io/paketobuildpacks/builder:base' 3%
[INFO]  > Pulling builder image 'docker.io/paketobuildpacks/builder:base' 3%
[INFO]  > Pulling builder image 'docker.io/paketobuildpacks/builder:base' 3%
[INFO]  > Pulling builder image 'docker.io/paketobuildpacks/builder:base' 4%
[INFO]  > Pulling builder image 'docker.io/paketobuildpacks/builder:base' 4%
[INFO]  > Pulling builder image 'docker.io/paketobuildpacks/builder:base' 4%
[INFO]  > Pulling builder image 'docker.io/paketobuildpacks/builder:base' 4%
[INFO]  > Pulling builder image 'docker.io/paketobuildpacks/builder:base' 4%
[INFO]  > Pulling builder image 'docker.io/paketobuildpacks/builder:base' 4%
[INFO]  > Pulling builder image 'docker.io/paketobuildpacks/builder:base' 4%
[INFO]  > Pulling builder image 'docker.io/paketobuildpacks/builder:base' 4%
[INFO]  > Pulling builder image 'docker.io/paketobuildpacks/builder:base' 4%
[INFO]  > Pulling builder image 'docker.io/paketobuildpacks/builder:base' 4%
[INFO]  > Pulling builder image 'docker.io/paketobuildpacks/builder:base' 4%
[INFO]  > Pulling builder image 'docker.io/paketobuildpacks/builder:base' 4%
[INFO]  > Pulling builder image 'docker.io/paketobuildpacks/builder:base' 4%
[INFO]  > Pulling builder image 'docker.io/paketobuildpacks/builder:base' 4%
[INFO]  > Pulling builder image 'docker.io/paketobuildpacks/builder:base' 4%
[INFO]  > Pulling builder image 'docker.io/paketobuildpacks/builder:base' 4%
[INFO]  > Pulling builder image 'docker.io/paketobuildpacks/builder:base' 5%
[INFO]  > Pulling builder image 'docker.io/paketobuildpacks/builder:base' 5%
[INFO]  > Pulling builder image 'docker.io/paketobuildpacks/builder:base' 6%
[INFO]  > Pulling builder image 'docker.io/paketobuildpacks/builder:base' 6%
[INFO]  > Pulling builder image 'docker.io/paketobuildpacks/builder:base' 7%
[INFO]  > Pulling builder image 'docker.io/paketobuildpacks/builder:base' 7%
[INFO]  > Pulling builder image 'docker.io/paketobuildpacks/builder:base' 7%
[INFO]  > Pulling builder image 'docker.io/paketobuildpacks/builder:base' 7%
[INFO]  > Pulling builder image 'docker.io/paketobuildpacks/builder:base' 7%
[INFO]  > Pulling builder image 'docker.io/paketobuildpacks/builder:base' 7%
[INFO]  > Pulling builder image 'docker.io/paketobuildpacks/builder:base' 7%
[INFO]  > Pulling builder image 'docker.io/paketobuildpacks/builder:base' 8%
[INFO]  > Pulling builder image 'docker.io/paketobuildpacks/builder:base' 8%
[INFO]  > Pulling builder image 'docker.io/paketobuildpacks/builder:base' 9%
[INFO]  > Pulling builder image 'docker.io/paketobuildpacks/builder:base' 9%
[INFO]  > Pulling builder image 'docker.io/paketobuildpacks/builder:base' 9%
[INFO]  > Pulling builder image 'docker.io/paketobuildpacks/builder:base' 10%
[INFO]  > Pulling builder image 'docker.io/paketobuildpacks/builder:base' 10%
[INFO]  > Pulling builder image 'docker.io/paketobuildpacks/builder:base' 10%
[INFO]  > Pulling builder image 'docker.io/paketobuildpacks/builder:base' 11%
[INFO]  > Pulling builder image 'docker.io/paketobuildpacks/builder:base' 11%
[INFO]  > Pulling builder image 'docker.io/paketobuildpacks/builder:base' 11%
[INFO]  > Pulling builder image 'docker.io/paketobuildpacks/builder:base' 11%
[INFO]  > Pulling builder image 'docker.io/paketobuildpacks/builder:base' 12%
[INFO]  > Pulling builder image 'docker.io/paketobuildpacks/builder:base' 12%
[INFO]  > Pulling builder image 'docker.io/paketobuildpacks/builder:base' 12%
[INFO]  > Pulling builder image 'docker.io/paketobuildpacks/builder:base' 12%
[INFO]  > Pulling builder image 'docker.io/paketobuildpacks/builder:base' 13%
[INFO]  > Pulling builder image 'docker.io/paketobuildpacks/builder:base' 13%
[INFO]  > Pulling builder image 'docker.io/paketobuildpacks/builder:base' 13%
[INFO]  > Pulling builder image 'docker.io/paketobuildpacks/builder:base' 13%
[INFO]  > Pulling builder image 'docker.io/paketobuildpacks/builder:base' 13%
[INFO]  > Pulling builder image 'docker.io/paketobuildpacks/builder:base' 13%
[INFO]  > Pulling builder image 'docker.io/paketobuildpacks/builder:base' 14%
[INFO]  > Pulling builder image 'docker.io/paketobuildpacks/builder:base' 14%
[INFO]  > Pulling builder image 'docker.io/paketobuildpacks/builder:base' 15%
[INFO]  > Pulling builder image 'docker.io/paketobuildpacks/builder:base' 15%
[INFO]  > Pulling builder image 'docker.io/paketobuildpacks/builder:base' 15%
[INFO]  > Pulling builder image 'docker.io/paketobuildpacks/builder:base' 15%
[INFO]  > Pulling builder image 'docker.io/paketobuildpacks/builder:base' 16%
[INFO]  > Pulling builder image 'docker.io/paketobuildpacks/builder:base' 16%
[INFO]  > Pulling builder image 'docker.io/paketobuildpacks/builder:base' 16%
[INFO]  > Pulling builder image 'docker.io/paketobuildpacks/builder:base' 16%
[INFO]  > Pulling builder image 'docker.io/paketobuildpacks/builder:base' 16%
[INFO]  > Pulling builder image 'docker.io/paketobuildpacks/builder:base' 17%
[INFO]  > Pulling builder image 'docker.io/paketobuildpacks/builder:base' 17%
[INFO]  > Pulling builder image 'docker.io/paketobuildpacks/builder:base' 17%
[INFO]  > Pulling builder image 'docker.io/paketobuildpacks/builder:base' 17%
[INFO]  > Pulling builder image 'docker.io/paketobuildpacks/builder:base' 17%
[INFO]  > Pulling builder image 'docker.io/paketobuildpacks/builder:base' 17%
[INFO]  > Pulling builder image 'docker.io/paketobuildpacks/builder:base' 17%
[INFO]  > Pulling builder image 'docker.io/paketobuildpacks/builder:base' 17%
[INFO]  > Pulling builder image 'docker.io/paketobuildpacks/builder:base' 17%
[INFO]  > Pulling builder image 'docker.io/paketobuildpacks/builder:base' 17%
[INFO]  > Pulling builder image 'docker.io/paketobuildpacks/builder:base' 17%
[INFO]  > Pulling builder image 'docker.io/paketobuildpacks/builder:base' 17%
[INFO]  > Pulling builder image 'docker.io/paketobuildpacks/builder:base' 18%
[INFO]  > Pulling builder image 'docker.io/paketobuildpacks/builder:base' 18%
[INFO]  > Pulling builder image 'docker.io/paketobuildpacks/builder:base' 18%
[INFO]  > Pulling builder image 'docker.io/paketobuildpacks/builder:base' 18%
[INFO]  > Pulling builder image 'docker.io/paketobuildpacks/builder:base' 19%
[INFO]  > Pulling builder image 'docker.io/paketobuildpacks/builder:base' 19%
[INFO]  > Pulling builder image 'docker.io/paketobuildpacks/builder:base' 19%
[INFO]  > Pulling builder image 'docker.io/paketobuildpacks/builder:base' 20%
[INFO]  > Pulling builder image 'docker.io/paketobuildpacks/builder:base' 20%
[INFO]  > Pulling builder image 'docker.io/paketobuildpacks/builder:base' 20%
[INFO]  > Pulling builder image 'docker.io/paketobuildpacks/builder:base' 20%
[INFO]  > Pulling builder image 'docker.io/paketobuildpacks/builder:base' 21%
[INFO]  > Pulling builder image 'docker.io/paketobuildpacks/builder:base' 21%
[INFO]  > Pulling builder image 'docker.io/paketobuildpacks/builder:base' 21%
[INFO]  > Pulling builder image 'docker.io/paketobuildpacks/builder:base' 21%
[INFO]  > Pulling builder image 'docker.io/paketobuildpacks/builder:base' 22%
[INFO]  > Pulling builder image 'docker.io/paketobuildpacks/builder:base' 22%
[INFO]  > Pulling builder image 'docker.io/paketobuildpacks/builder:base' 22%
[INFO]  > Pulling builder image 'docker.io/paketobuildpacks/builder:base' 22%
[INFO]  > Pulling builder image 'docker.io/paketobuildpacks/builder:base' 22%
[INFO]  > Pulling builder image 'docker.io/paketobuildpacks/builder:base' 22%
[INFO]  > Pulling builder image 'docker.io/paketobuildpacks/builder:base' 22%
[INFO]  > Pulling builder image 'docker.io/paketobuildpacks/builder:base' 22%
[INFO]  > Pulling builder image 'docker.io/paketobuildpacks/builder:base' 22%
[INFO]  > Pulling builder image 'docker.io/paketobuildpacks/builder:base' 22%
[INFO]  > Pulling builder image 'docker.io/paketobuildpacks/builder:base' 22%
[INFO]  > Pulling builder image 'docker.io/paketobuildpacks/builder:base' 22%
[INFO]  > Pulling builder image 'docker.io/paketobuildpacks/builder:base' 23%
[INFO]  > Pulling builder image 'docker.io/paketobuildpacks/builder:base' 23%
[INFO]  > Pulling builder image 'docker.io/paketobuildpacks/builder:base' 23%
[INFO]  > Pulling builder image 'docker.io/paketobuildpacks/builder:base' 23%
[INFO]  > Pulling builder image 'docker.io/paketobuildpacks/builder:base' 26%
[INFO]  > Pulling builder image 'docker.io/paketobuildpacks/builder:base' 34%
[INFO]  > Pulling builder image 'docker.io/paketobuildpacks/builder:base' 42%
[INFO]  > Pulling builder image 'docker.io/paketobuildpacks/builder:base' 43%
[INFO]  > Pulling builder image 'docker.io/paketobuildpacks/builder:base' 44%
[INFO]  > Pulling builder image 'docker.io/paketobuildpacks/builder:base' 44%
[INFO]  > Pulling builder image 'docker.io/paketobuildpacks/builder:base' 44%
[INFO]  > Pulling builder image 'docker.io/paketobuildpacks/builder:base' 45%
[INFO]  > Pulling builder image 'docker.io/paketobuildpacks/builder:base' 45%
[INFO]  > Pulling builder image 'docker.io/paketobuildpacks/builder:base' 46%
[INFO]  > Pulling builder image 'docker.io/paketobuildpacks/builder:base' 46%
[INFO]  > Pulling builder image 'docker.io/paketobuildpacks/builder:base' 47%
[INFO]  > Pulling builder image 'docker.io/paketobuildpacks/builder:base' 47%
[INFO]  > Pulling builder image 'docker.io/paketobuildpacks/builder:base' 50%
[INFO]  > Pulling builder image 'docker.io/paketobuildpacks/builder:base' 52%
[INFO]  > Pulling builder image 'docker.io/paketobuildpacks/builder:base' 52%
[INFO]  > Pulling builder image 'docker.io/paketobuildpacks/builder:base' 52%
[INFO]  > Pulling builder image 'docker.io/paketobuildpacks/builder:base' 52%
[INFO]  > Pulling builder image 'docker.io/paketobuildpacks/builder:base' 53%
[INFO]  > Pulling builder image 'docker.io/paketobuildpacks/builder:base' 53%
[INFO]  > Pulling builder image 'docker.io/paketobuildpacks/builder:base' 53%
[INFO]  > Pulling builder image 'docker.io/paketobuildpacks/builder:base' 53%
[INFO]  > Pulling builder image 'docker.io/paketobuildpacks/builder:base' 54%
[INFO]  > Pulling builder image 'docker.io/paketobuildpacks/builder:base' 54%
[INFO]  > Pulling builder image 'docker.io/paketobuildpacks/builder:base' 54%
[INFO]  > Pulling builder image 'docker.io/paketobuildpacks/builder:base' 54%
[INFO]  > Pulling builder image 'docker.io/paketobuildpacks/builder:base' 54%
[INFO]  > Pulling builder image 'docker.io/paketobuildpacks/builder:base' 54%
[INFO]  > Pulling builder image 'docker.io/paketobuildpacks/builder:base' 55%
[INFO]  > Pulling builder image 'docker.io/paketobuildpacks/builder:base' 55%
[INFO]  > Pulling builder image 'docker.io/paketobuildpacks/builder:base' 55%
[INFO]  > Pulling builder image 'docker.io/paketobuildpacks/builder:base' 55%
[INFO]  > Pulling builder image 'docker.io/paketobuildpacks/builder:base' 55%
[INFO]  > Pulling builder image 'docker.io/paketobuildpacks/builder:base' 55%
[INFO]  > Pulling builder image 'docker.io/paketobuildpacks/builder:base' 56%
[INFO]  > Pulling builder image 'docker.io/paketobuildpacks/builder:base' 58%
[INFO]  > Pulling builder image 'docker.io/paketobuildpacks/builder:base' 58%
[INFO]  > Pulling builder image 'docker.io/paketobuildpacks/builder:base' 58%
[INFO]  > Pulling builder image 'docker.io/paketobuildpacks/builder:base' 58%
[INFO]  > Pulling builder image 'docker.io/paketobuildpacks/builder:base' 58%
[INFO]  > Pulling builder image 'docker.io/paketobuildpacks/builder:base' 58%
[INFO]  > Pulling builder image 'docker.io/paketobuildpacks/builder:base' 59%
[INFO]  > Pulling builder image 'docker.io/paketobuildpacks/builder:base' 59%
[INFO]  > Pulling builder image 'docker.io/paketobuildpacks/builder:base' 59%
[INFO]  > Pulling builder image 'docker.io/paketobuildpacks/builder:base' 59%
[INFO]  > Pulling builder image 'docker.io/paketobuildpacks/builder:base' 59%
[INFO]  > Pulling builder image 'docker.io/paketobuildpacks/builder:base' 59%
[INFO]  > Pulling builder image 'docker.io/paketobuildpacks/builder:base' 60%
[INFO]  > Pulling builder image 'docker.io/paketobuildpacks/builder:base' 60%
[INFO]  > Pulling builder image 'docker.io/paketobuildpacks/builder:base' 61%
[INFO]  > Pulling builder image 'docker.io/paketobuildpacks/builder:base' 63%
[INFO]  > Pulling builder image 'docker.io/paketobuildpacks/builder:base' 63%
[INFO]  > Pulling builder image 'docker.io/paketobuildpacks/builder:base' 64%
[INFO]  > Pulling builder image 'docker.io/paketobuildpacks/builder:base' 64%
[INFO]  > Pulling builder image 'docker.io/paketobuildpacks/builder:base' 65%
[INFO]  > Pulling builder image 'docker.io/paketobuildpacks/builder:base' 67%
[INFO]  > Pulling builder image 'docker.io/paketobuildpacks/builder:base' 68%
[INFO]  > Pulling builder image 'docker.io/paketobuildpacks/builder:base' 68%
[INFO]  > Pulling builder image 'docker.io/paketobuildpacks/builder:base' 68%
[INFO]  > Pulling builder image 'docker.io/paketobuildpacks/builder:base' 69%
[INFO]  > Pulling builder image 'docker.io/paketobuildpacks/builder:base' 69%
[INFO]  > Pulling builder image 'docker.io/paketobuildpacks/builder:base' 70%
[INFO]  > Pulling builder image 'docker.io/paketobuildpacks/builder:base' 70%
[INFO]  > Pulling builder image 'docker.io/paketobuildpacks/builder:base' 70%
[INFO]  > Pulling builder image 'docker.io/paketobuildpacks/builder:base' 70%
[INFO]  > Pulling builder image 'docker.io/paketobuildpacks/builder:base' 70%
[INFO]  > Pulling builder image 'docker.io/paketobuildpacks/builder:base' 70%
[INFO]  > Pulling builder image 'docker.io/paketobuildpacks/builder:base' 70%
[INFO]  > Pulling builder image 'docker.io/paketobuildpacks/builder:base' 70%
[INFO]  > Pulling builder image 'docker.io/paketobuildpacks/builder:base' 72%
[INFO]  > Pulling builder image 'docker.io/paketobuildpacks/builder:base' 72%
[INFO]  > Pulling builder image 'docker.io/paketobuildpacks/builder:base' 72%
[INFO]  > Pulling builder image 'docker.io/paketobuildpacks/builder:base' 73%
[INFO]  > Pulling builder image 'docker.io/paketobuildpacks/builder:base' 73%
[INFO]  > Pulling builder image 'docker.io/paketobuildpacks/builder:base' 73%
[INFO]  > Pulling builder image 'docker.io/paketobuildpacks/builder:base' 73%
[INFO]  > Pulling builder image 'docker.io/paketobuildpacks/builder:base' 74%
[INFO]  > Pulling builder image 'docker.io/paketobuildpacks/builder:base' 74%
[INFO]  > Pulling builder image 'docker.io/paketobuildpacks/builder:base' 74%
[INFO]  > Pulling builder image 'docker.io/paketobuildpacks/builder:base' 74%
[INFO]  > Pulling builder image 'docker.io/paketobuildpacks/builder:base' 74%
[INFO]  > Pulling builder image 'docker.io/paketobuildpacks/builder:base' 74%
[INFO]  > Pulling builder image 'docker.io/paketobuildpacks/builder:base' 74%
[INFO]  > Pulling builder image 'docker.io/paketobuildpacks/builder:base' 75%
[INFO]  > Pulling builder image 'docker.io/paketobuildpacks/builder:base' 77%
[INFO]  > Pulling builder image 'docker.io/paketobuildpacks/builder:base' 78%
[INFO]  > Pulling builder image 'docker.io/paketobuildpacks/builder:base' 79%
[INFO]  > Pulling builder image 'docker.io/paketobuildpacks/builder:base' 79%
[INFO]  > Pulling builder image 'docker.io/paketobuildpacks/builder:base' 80%
[INFO]  > Pulling builder image 'docker.io/paketobuildpacks/builder:base' 80%
[INFO]  > Pulling builder image 'docker.io/paketobuildpacks/builder:base' 83%
[INFO]  > Pulling builder image 'docker.io/paketobuildpacks/builder:base' 84%
[INFO]  > Pulling builder image 'docker.io/paketobuildpacks/builder:base' 85%
[INFO]  > Pulling builder image 'docker.io/paketobuildpacks/builder:base' 85%
[INFO]  > Pulling builder image 'docker.io/paketobuildpacks/builder:base' 86%
[INFO]  > Pulling builder image 'docker.io/paketobuildpacks/builder:base' 86%
[INFO]  > Pulling builder image 'docker.io/paketobuildpacks/builder:base' 87%
[INFO]  > Pulling builder image 'docker.io/paketobuildpacks/builder:base' 87%
[INFO]  > Pulling builder image 'docker.io/paketobuildpacks/builder:base' 88%
[INFO]  > Pulling builder image 'docker.io/paketobuildpacks/builder:base' 88%
[INFO]  > Pulling builder image 'docker.io/paketobuildpacks/builder:base' 89%
[INFO]  > Pulling builder image 'docker.io/paketobuildpacks/builder:base' 89%
[INFO]  > Pulling builder image 'docker.io/paketobuildpacks/builder:base' 90%
[INFO]  > Pulling builder image 'docker.io/paketobuildpacks/builder:base' 91%
[INFO]  > Pulling builder image 'docker.io/paketobuildpacks/builder:base' 91%
[INFO]  > Pulling builder image 'docker.io/paketobuildpacks/builder:base' 92%
[INFO]  > Pulling builder image 'docker.io/paketobuildpacks/builder:base' 94%
[INFO]  > Pulling builder image 'docker.io/paketobuildpacks/builder:base' 100%
[INFO]  > Pulled builder image 'paketobuildpacks/builder@sha256:96a0c8fbf85a3205cf8b1073382b6f54f57c7a2a776b59a336ae0db4380908b8'
[INFO]  > Pulling run image 'docker.io/paketobuildpacks/run:base-cnb' 6%
[INFO]  > Pulling run image 'docker.io/paketobuildpacks/run:base-cnb' 32%
[INFO]  > Pulling run image 'docker.io/paketobuildpacks/run:base-cnb' 34%
[INFO]  > Pulling run image 'docker.io/paketobuildpacks/run:base-cnb' 35%
[INFO]  > Pulling run image 'docker.io/paketobuildpacks/run:base-cnb' 36%
[INFO]  > Pulling run image 'docker.io/paketobuildpacks/run:base-cnb' 49%
[INFO]  > Pulling run image 'docker.io/paketobuildpacks/run:base-cnb' 100%
[INFO]  > Pulled run image 'paketobuildpacks/run@sha256:dec5146cd16049064246308ee633ab451ccb8c8e7e0ec595727ea12d3719a006'
[INFO]  > Executing lifecycle version v0.16.0
[INFO]  > Using build cache volume 'pack-cache-4e789250421e.build'
[INFO] 
[INFO]  > Running creator
[INFO]     [creator]     Warning: Platform requested deprecated API '0.4'
[INFO]     [creator]     ===> DETECTING
[INFO]     [creator]     6 of 26 buildpacks participating
[INFO]     [creator]     paketo-buildpacks/ca-certificates   3.6.0
[INFO]     [creator]     paketo-buildpacks/bellsoft-liberica 9.11.0
[INFO]     [creator]     paketo-buildpacks/syft              1.25.0
[INFO]     [creator]     paketo-buildpacks/executable-jar    6.6.1
[INFO]     [creator]     paketo-buildpacks/dist-zip          5.5.1
[INFO]     [creator]     paketo-buildpacks/spring-boot       5.23.0
[INFO]     [creator]     ===> ANALYZING
[INFO]     [creator]     Previous image with name "docker.io/eazybytes/configserver:latest" not found
[INFO]     [creator]     ===> RESTORING
[INFO]     [creator]     ===> BUILDING
[INFO]     [creator]     
[INFO]     [creator]     Paketo Buildpack for CA Certificates 3.6.0
[INFO]     [creator]       https://github.com/paketo-buildpacks/ca-certificates
[INFO]     [creator]       Launch Helper: Contributing to layer
[INFO]     [creator]         Creating /layers/paketo-buildpacks_ca-certificates/helper/exec.d/ca-certificates-helper
[INFO]     [creator]     
[INFO]     [creator]     Paketo Buildpack for BellSoft Liberica 9.11.0
[INFO]     [creator]       https://github.com/paketo-buildpacks/bellsoft-liberica
[INFO]     [creator]       Build Configuration:
[INFO]     [creator]         $BP_JVM_JLINK_ARGS           --no-man-pages --no-header-files --strip-debug --compress=1  configure custom link arguments (--output must be omitted)
[INFO]     [creator]         $BP_JVM_JLINK_ENABLED        false                                                        enables running jlink tool to generate custom JRE
[INFO]     [creator]         $BP_JVM_TYPE                 JRE                                                          the JVM type - JDK or JRE
[INFO]     [creator]         $BP_JVM_VERSION              11.*                                                         the Java version
[INFO]     [creator]       Launch Configuration:
[INFO]     [creator]         $BPL_DEBUG_ENABLED           false                                                        enables Java remote debugging support
[INFO]     [creator]         $BPL_DEBUG_PORT              8000                                                         configure the remote debugging port
[INFO]     [creator]         $BPL_DEBUG_SUSPEND           false                                                        configure whether to suspend execution until a debugger has attached
[INFO]     [creator]         $BPL_HEAP_DUMP_PATH                                                                       write heap dumps on error to this path
[INFO]     [creator]         $BPL_JAVA_NMT_ENABLED        true                                                         enables Java Native Memory Tracking (NMT)
[INFO]     [creator]         $BPL_JAVA_NMT_LEVEL          summary                                                      configure level of NMT, summary or detail
[INFO]     [creator]         $BPL_JFR_ARGS                                                                             configure custom Java Flight Recording (JFR) arguments
[INFO]     [creator]         $BPL_JFR_ENABLED             false                                                        enables Java Flight Recording (JFR)
[INFO]     [creator]         $BPL_JMX_ENABLED             false                                                        enables Java Management Extensions (JMX)
[INFO]     [creator]         $BPL_JMX_PORT                5000                                                         configure the JMX port
[INFO]     [creator]         $BPL_JVM_HEAD_ROOM           0                                                            the headroom in memory calculation
[INFO]     [creator]         $BPL_JVM_LOADED_CLASS_COUNT  35% of classes                                               the number of loaded classes in memory calculation
[INFO]     [creator]         $BPL_JVM_THREAD_COUNT        250                                                          the number of threads in memory calculation
[INFO]     [creator]         $JAVA_TOOL_OPTIONS                                                                        the JVM launch flags
[INFO]     [creator]         Using Java version 11.* from BP_JVM_VERSION
[INFO]     [creator]       BellSoft Liberica JRE 11.0.18: Contributing to layer
[INFO]     [creator]         Downloading from https://github.com/bell-sw/Liberica/releases/download/11.0.18+10/bellsoft-jre11.0.18+10-linux-amd64.tar.gz
[INFO]     [creator]         Verifying checksum
[INFO]     [creator]         Expanding to /layers/paketo-buildpacks_bellsoft-liberica/jre
[INFO]     [creator]         Adding 124 container CA certificates to JVM truststore
[INFO]     [creator]         Writing env.launch/BPI_APPLICATION_PATH.default
[INFO]     [creator]         Writing env.launch/BPI_JVM_CACERTS.default
[INFO]     [creator]         Writing env.launch/BPI_JVM_CLASS_COUNT.default
[INFO]     [creator]         Writing env.launch/BPI_JVM_SECURITY_PROVIDERS.default
[INFO]     [creator]         Writing env.launch/JAVA_HOME.default
[INFO]     [creator]         Writing env.launch/JAVA_TOOL_OPTIONS.append
[INFO]     [creator]         Writing env.launch/JAVA_TOOL_OPTIONS.delim
[INFO]     [creator]         Writing env.launch/MALLOC_ARENA_MAX.default
[INFO]     [creator]       Launch Helper: Contributing to layer
[INFO]     [creator]         Creating /layers/paketo-buildpacks_bellsoft-liberica/helper/exec.d/active-processor-count
[INFO]     [creator]         Creating /layers/paketo-buildpacks_bellsoft-liberica/helper/exec.d/java-opts
[INFO]     [creator]         Creating /layers/paketo-buildpacks_bellsoft-liberica/helper/exec.d/jvm-heap
[INFO]     [creator]         Creating /layers/paketo-buildpacks_bellsoft-liberica/helper/exec.d/link-local-dns
[INFO]     [creator]         Creating /layers/paketo-buildpacks_bellsoft-liberica/helper/exec.d/memory-calculator
[INFO]     [creator]         Creating /layers/paketo-buildpacks_bellsoft-liberica/helper/exec.d/security-providers-configurer
[INFO]     [creator]         Creating /layers/paketo-buildpacks_bellsoft-liberica/helper/exec.d/jmx
[INFO]     [creator]         Creating /layers/paketo-buildpacks_bellsoft-liberica/helper/exec.d/jfr
[INFO]     [creator]         Creating /layers/paketo-buildpacks_bellsoft-liberica/helper/exec.d/security-providers-classpath-9
[INFO]     [creator]         Creating /layers/paketo-buildpacks_bellsoft-liberica/helper/exec.d/debug-9
[INFO]     [creator]         Creating /layers/paketo-buildpacks_bellsoft-liberica/helper/exec.d/nmt
[INFO]     [creator]         Creating /layers/paketo-buildpacks_bellsoft-liberica/helper/exec.d/openssl-certificate-loader
[INFO]     [creator]       Java Security Properties: Contributing to layer
[INFO]     [creator]         Writing env.launch/JAVA_SECURITY_PROPERTIES.default
[INFO]     [creator]         Writing env.launch/JAVA_TOOL_OPTIONS.append
[INFO]     [creator]         Writing env.launch/JAVA_TOOL_OPTIONS.delim
[INFO]     [creator]     
[INFO]     [creator]     Paketo Buildpack for Syft 1.25.0
[INFO]     [creator]       https://github.com/paketo-buildpacks/syft
[INFO]     [creator]         Downloading from https://github.com/anchore/syft/releases/download/v0.73.0/syft_0.73.0_linux_amd64.tar.gz
[INFO]     [creator]         Verifying checksum
[INFO]     [creator]         Writing env.build/SYFT_CHECK_FOR_APP_UPDATE.default
[INFO]     [creator]     
[INFO]     [creator]     Paketo Buildpack for Executable JAR 6.6.1
[INFO]     [creator]       https://github.com/paketo-buildpacks/executable-jar
[INFO]     [creator]       Class Path: Contributing to layer
[INFO]     [creator]         Writing env/CLASSPATH.delim
[INFO]     [creator]         Writing env/CLASSPATH.prepend
[INFO]     [creator]       Process types:
[INFO]     [creator]         executable-jar: java org.springframework.boot.loader.JarLauncher (direct)
[INFO]     [creator]         task:           java org.springframework.boot.loader.JarLauncher (direct)
[INFO]     [creator]         web:            java org.springframework.boot.loader.JarLauncher (direct)
[INFO]     [creator]     
[INFO]     [creator]     Paketo Buildpack for Spring Boot 5.23.0
[INFO]     [creator]       https://github.com/paketo-buildpacks/spring-boot
[INFO]     [creator]       Build Configuration:
[INFO]     [creator]         $BP_SPRING_CLOUD_BINDINGS_DISABLED   false  whether to contribute Spring Boot cloud bindings support
[INFO]     [creator]       Launch Configuration:
[INFO]     [creator]         $BPL_SPRING_CLOUD_BINDINGS_DISABLED  false  whether to auto-configure Spring Boot environment properties from bindings
[INFO]     [creator]         $BPL_SPRING_CLOUD_BINDINGS_ENABLED   true   Deprecated - whether to auto-configure Spring Boot environment properties from bindings
[INFO]     [creator]       Creating slices from layers index
[INFO]     [creator]         dependencies (40.1 MB)
[INFO]     [creator]         spring-boot-loader (282.2 KB)
[INFO]     [creator]         snapshot-dependencies (0.0 B)
[INFO]     [creator]         application (49.1 KB)
[INFO]     [creator]       Launch Helper: Contributing to layer
[INFO]     [creator]         Creating /layers/paketo-buildpacks_spring-boot/helper/exec.d/spring-cloud-bindings
[INFO]     [creator]       Spring Cloud Bindings 1.11.0: Contributing to layer
[INFO]     [creator]         Downloading from https://repo1.maven.org/maven2/org/springframework/cloud/spring-cloud-bindings/1.11.0/spring-cloud-bindings-1.11.0.jar
[INFO]     [creator]         Verifying checksum
[INFO]     [creator]         Copying to /layers/paketo-buildpacks_spring-boot/spring-cloud-bindings
[INFO]     [creator]       Web Application Type: Contributing to layer
[INFO]     [creator]         Servlet web application detected
[INFO]     [creator]         Writing env.launch/BPL_JVM_THREAD_COUNT.default
[INFO]     [creator]       4 application slices
[INFO]     [creator]       Image labels:
[INFO]     [creator]         org.opencontainers.image.title
[INFO]     [creator]         org.opencontainers.image.version
[INFO]     [creator]         org.springframework.boot.version
[INFO]     [creator]     ===> EXPORTING
[INFO]     [creator]     Adding layer 'paketo-buildpacks/ca-certificates:helper'
[INFO]     [creator]     Adding layer 'paketo-buildpacks/bellsoft-liberica:helper'
[INFO]     [creator]     Adding layer 'paketo-buildpacks/bellsoft-liberica:java-security-properties'
[INFO]     [creator]     Adding layer 'paketo-buildpacks/bellsoft-liberica:jre'
[INFO]     [creator]     Adding layer 'paketo-buildpacks/executable-jar:classpath'
[INFO]     [creator]     Adding layer 'paketo-buildpacks/spring-boot:helper'
[INFO]     [creator]     Adding layer 'paketo-buildpacks/spring-boot:spring-cloud-bindings'
[INFO]     [creator]     Adding layer 'paketo-buildpacks/spring-boot:web-application-type'
[INFO]     [creator]     Adding 5/5 app layer(s)
[INFO]     [creator]     Adding layer 'buildpacksio/lifecycle:launcher'
[INFO]     [creator]     Adding layer 'buildpacksio/lifecycle:config'
[INFO]     [creator]     Adding layer 'buildpacksio/lifecycle:process-types'
[INFO]     [creator]     Adding label 'io.buildpacks.lifecycle.metadata'
[INFO]     [creator]     Adding label 'io.buildpacks.build.metadata'
[INFO]     [creator]     Adding label 'io.buildpacks.project.metadata'
[INFO]     [creator]     Adding label 'org.opencontainers.image.title'
[INFO]     [creator]     Adding label 'org.opencontainers.image.version'
[INFO]     [creator]     Adding label 'org.springframework.boot.version'
[INFO]     [creator]     Setting default process type 'web'
[INFO]     [creator]     Saving docker.io/eazybytes/configserver:latest...
./image-builder.sh: line 11:  2025 Hangup                  mvn -f $module spring-boot:build-image -DskipTests
done for configserver/pom.xml
[INFO] Scanning for projects...
[INFO] 
[INFO] ---------------------< com.eazybytes:eurekaserver >---------------------
[INFO] Building eurekaserver 0.0.1-SNAPSHOT
[INFO] --------------------------------[ jar ]---------------------------------
[INFO] 
[INFO] >>> spring-boot-maven-plugin:2.6.12:build-image (default-cli) > package @ eurekaserver >>>
[INFO] 
[INFO] --- maven-resources-plugin:3.2.0:resources (default-resources) @ eurekaserver ---
[INFO] Using 'UTF-8' encoding to copy filtered resources.
[INFO] Using 'UTF-8' encoding to copy filtered properties files.
[INFO] Copying 1 resource
[INFO] Copying 0 resource
[INFO] 
[INFO] --- maven-compiler-plugin:3.8.1:compile (default-compile) @ eurekaserver ---
[INFO] Nothing to compile - all classes are up to date
[INFO] 
[INFO] --- maven-resources-plugin:3.2.0:testResources (default-testResources) @ eurekaserver ---
[INFO] Using 'UTF-8' encoding to copy filtered resources.
[INFO] Using 'UTF-8' encoding to copy filtered properties files.
[INFO] skip non existing resourceDirectory C:\Users\rkhalledi\Desktop\springBootProjects\accounts-MS\eurakaserver\src\test\resources
[INFO] 
[INFO] --- maven-compiler-plugin:3.8.1:testCompile (default-testCompile) @ eurekaserver ---
[INFO] Nothing to compile - all classes are up to date
[INFO] 
[INFO] --- maven-surefire-plugin:2.22.2:test (default-test) @ eurekaserver ---
[INFO] Tests are skipped.
[INFO] 
[INFO] --- maven-jar-plugin:3.2.2:jar (default-jar) @ eurekaserver ---
[INFO] 
[INFO] --- spring-boot-maven-plugin:2.6.12:repackage (repackage) @ eurekaserver ---
[INFO] Replacing main artifact with repackaged archive
[INFO] 
[INFO] <<< spring-boot-maven-plugin:2.6.12:build-image (default-cli) < package @ eurekaserver <<<
[INFO] 
[INFO] 
[INFO] --- spring-boot-maven-plugin:2.6.12:build-image (default-cli) @ eurekaserver ---
[INFO] Building image 'docker.io/eazybytes/eurekaserver:latest'
[INFO] 
[INFO]  > Pulling builder image 'docker.io/paketobuildpacks/builder:base' 100%
[INFO] ------------------------------------------------------------------------
[INFO] BUILD FAILURE
[INFO] ------------------------------------------------------------------------
[INFO] Total time:  06:56 min
[INFO] Finished at: 2023-03-06T14:35:49+01:00
[INFO] ------------------------------------------------------------------------
[ERROR] Failed to execute goal org.springframework.boot:spring-boot-maven-plugin:2.6.12:build-image (default-cli) on project eurekaserver: Unrecognized token 'Bad': was expecting (JSON String, Number, Array, Object or token 'null', 'true' or 'false')
[ERROR]  at [Source: (org.apache.http.conn.EofSensorInputStream); line: 1, column: 5]
[ERROR] -> [Help 1]
[ERROR] 
[ERROR] To see the full stack trace of the errors, re-run Maven with the -e switch.
[ERROR] Re-run Maven using the -X switch to enable full debug logging.
[ERROR] 
[ERROR] For more information about the errors and possible solutions, please read the following articles:
[ERROR] [Help 1] http://cwiki.apache.org/confluence/display/MAVEN/MojoExecutionException
done for eurakaserver/pom.xml
[INFO] Scanning for projects...
[INFO] 
[INFO] ------------------------< com.example:accounts >------------------------
[INFO] Building accounts 0.0.1-SNAPSHOT
[INFO] --------------------------------[ jar ]---------------------------------
[INFO] 
[INFO] >>> spring-boot-maven-plugin:2.7.4:build-image (default-cli) > package @ accounts >>>
[INFO] 
[INFO] --- maven-resources-plugin:3.2.0:resources (default-resources) @ accounts ---
[INFO] Using 'UTF-8' encoding to copy filtered resources.
[INFO] Using 'UTF-8' encoding to copy filtered properties files.
[INFO] Copying 1 resource
[INFO] Copying 1 resource
[INFO] 
[INFO] --- maven-compiler-plugin:3.10.1:compile (default-compile) @ accounts ---
[INFO] Nothing to compile - all classes are up to date
[INFO] 
[INFO] --- maven-resources-plugin:3.2.0:testResources (default-testResources) @ accounts ---
[INFO] Using 'UTF-8' encoding to copy filtered resources.
[INFO] Using 'UTF-8' encoding to copy filtered properties files.
[INFO] skip non existing resourceDirectory C:\Users\rkhalledi\Desktop\springBootProjects\accounts-MS\accounts\src\test\resources
[INFO] 
[INFO] --- maven-compiler-plugin:3.10.1:testCompile (default-testCompile) @ accounts ---
[INFO] Nothing to compile - all classes are up to date
[INFO] 
[INFO] --- maven-surefire-plugin:2.22.2:test (default-test) @ accounts ---
[INFO] Tests are skipped.
[INFO] 
[INFO] --- maven-jar-plugin:3.2.2:jar (default-jar) @ accounts ---
[INFO] 
[INFO] --- spring-boot-maven-plugin:2.7.4:repackage (repackage) @ accounts ---
[INFO] Replacing main artifact with repackaged archive
[INFO] 
[INFO] <<< spring-boot-maven-plugin:2.7.4:build-image (default-cli) < package @ accounts <<<
[INFO] 
[INFO] 
[INFO] --- spring-boot-maven-plugin:2.7.4:build-image (default-cli) @ accounts ---
[INFO] Building image 'docker.io/library/accounts:0.0.1-SNAPSHOT'
[INFO] 
[INFO]  > Pulling builder image 'docker.io/paketobuildpacks/builder:base' 100%
[INFO] ------------------------------------------------------------------------
[INFO] BUILD FAILURE
[INFO] ------------------------------------------------------------------------
[INFO] Total time:  2.557 s
[INFO] Finished at: 2023-03-06T14:35:53+01:00
[INFO] ------------------------------------------------------------------------
[ERROR] Failed to execute goal org.springframework.boot:spring-boot-maven-plugin:2.7.4:build-image (default-cli) on project accounts: Execution default-cli of goal org.springframework.boot:spring-boot-maven-plugin:2.7.4:build-image failed: Docker API call to 'localhost/v1.24/images/create?fromImage=docker.io%2Fpaketobuildpacks%2Fbuilder%3Abase' failed with status code 500 "Internal Server Error" -> [Help 1]
[ERROR] 
[ERROR] To see the full stack trace of the errors, re-run Maven with the -e switch.
[ERROR] Re-run Maven using the -X switch to enable full debug logging.
[ERROR] 
[ERROR] For more information about the errors and possible solutions, please read the following articles:
[ERROR] [Help 1] http://cwiki.apache.org/confluence/display/MAVEN/PluginExecutionException
done for accounts/pom.xml
[INFO] Scanning for projects...
[WARNING] 
[WARNING] Some problems were encountered while building the effective model for com.example:loans:war:0.0.1-SNAPSHOT
[WARNING] 'build.plugins.plugin.(groupId:artifactId)' must be unique but found duplicate declaration of plugin org.springframework.boot:spring-boot-maven-plugin @ line 114, column 12
[WARNING] 
[WARNING] It is highly recommended to fix these problems because they threaten the stability of your build.
[WARNING] 
[WARNING] For this reason, future Maven versions might no longer support building such malformed projects.
[WARNING] 
[INFO] 
[INFO] -------------------------< com.example:loans >--------------------------
[INFO] Building loans 0.0.1-SNAPSHOT
[INFO] --------------------------------[ war ]---------------------------------
[INFO] 
[INFO] >>> spring-boot-maven-plugin:2.7.4:build-image (default-cli) > package @ loans >>>
[INFO] 
[INFO] --- maven-resources-plugin:3.2.0:resources (default-resources) @ loans ---
[INFO] Using 'UTF-8' encoding to copy filtered resources.
[INFO] Using 'UTF-8' encoding to copy filtered properties files.
[INFO] Copying 1 resource
[INFO] Copying 1 resource
[INFO] 
[INFO] --- maven-compiler-plugin:3.10.1:compile (default-compile) @ loans ---
[INFO] Nothing to compile - all classes are up to date
[INFO] 
[INFO] --- maven-resources-plugin:3.2.0:testResources (default-testResources) @ loans ---
[INFO] Using 'UTF-8' encoding to copy filtered resources.
[INFO] Using 'UTF-8' encoding to copy filtered properties files.
[INFO] skip non existing resourceDirectory C:\Users\rkhalledi\Desktop\springBootProjects\accounts-MS\laons\src\test\resources
[INFO] 
[INFO] --- maven-compiler-plugin:3.10.1:testCompile (default-testCompile) @ loans ---
[INFO] Nothing to compile - all classes are up to date
[INFO] 
[INFO] --- maven-surefire-plugin:2.22.2:test (default-test) @ loans ---
[INFO] Tests are skipped.
[INFO] 
[INFO] --- maven-war-plugin:3.3.2:war (default-war) @ loans ---
[INFO] Packaging webapp
[INFO] Assembling webapp [loans] in [C:\Users\rkhalledi\Desktop\springBootProjects\accounts-MS\laons\target\loans-0.0.1-SNAPSHOT]
[INFO] Processing war project
[INFO] Building war: C:\Users\rkhalledi\Desktop\springBootProjects\accounts-MS\laons\target\loans-0.0.1-SNAPSHOT.war
[INFO] 
[INFO] --- spring-boot-maven-plugin:2.7.4:repackage (repackage) @ loans ---
[INFO] Replacing main artifact with repackaged archive
[INFO] 
[INFO] <<< spring-boot-maven-plugin:2.7.4:build-image (default-cli) < package @ loans <<<
[INFO] 
[INFO] 
[INFO] --- spring-boot-maven-plugin:2.7.4:build-image (default-cli) @ loans ---
[INFO] Building image 'docker.io/eazybytes/loans:latest'
[INFO] 
[INFO]  > Pulling builder image 'docker.io/paketobuildpacks/builder:base' 100%
[INFO] ------------------------------------------------------------------------
[INFO] BUILD FAILURE
[INFO] ------------------------------------------------------------------------
[INFO] Total time:  4.379 s
[INFO] Finished at: 2023-03-06T14:36:00+01:00
[INFO] ------------------------------------------------------------------------
[ERROR] Failed to execute goal org.springframework.boot:spring-boot-maven-plugin:2.7.4:build-image (default-cli) on project loans: Execution default-cli of goal org.springframework.boot:spring-boot-maven-plugin:2.7.4:build-image failed: Docker API call to 'localhost/v1.24/images/create?fromImage=docker.io%2Fpaketobuildpacks%2Fbuilder%3Abase' failed with status code 500 "Internal Server Error" -> [Help 1]
[ERROR] 
[ERROR] To see the full stack trace of the errors, re-run Maven with the -e switch.
[ERROR] Re-run Maven using the -X switch to enable full debug logging.
[ERROR] 
[ERROR] For more information about the errors and possible solutions, please read the following articles:
[ERROR] [Help 1] http://cwiki.apache.org/confluence/display/MAVEN/PluginExecutionException
done for laons/pom.xml
[INFO] Scanning for projects...
[WARNING] 
[WARNING] Some problems were encountered while building the effective model for com.example:cards:jar:0.0.1-SNAPSHOT
[WARNING] 'build.plugins.plugin.(groupId:artifactId)' must be unique but found duplicate declaration of plugin org.springframework.boot:spring-boot-maven-plugin @ line 122, column 12
[WARNING] 
[WARNING] It is highly recommended to fix these problems because they threaten the stability of your build.
[WARNING] 
[WARNING] For this reason, future Maven versions might no longer support building such malformed projects.
[WARNING] 
[INFO] 
[INFO] -------------------------< com.example:cards >--------------------------
[INFO] Building cards 0.0.1-SNAPSHOT
[INFO] --------------------------------[ jar ]---------------------------------
[INFO] 
[INFO] >>> spring-boot-maven-plugin:2.7.4:build-image (default-cli) > package @ cards >>>
[INFO] 
[INFO] --- maven-resources-plugin:3.2.0:resources (default-resources) @ cards ---
[INFO] Using 'UTF-8' encoding to copy filtered resources.
[INFO] Using 'UTF-8' encoding to copy filtered properties files.
[INFO] Copying 1 resource
[INFO] Copying 1 resource
[INFO] 
[INFO] --- maven-compiler-plugin:3.10.1:compile (default-compile) @ cards ---
[INFO] Nothing to compile - all classes are up to date
[INFO] 
[INFO] --- maven-resources-plugin:3.2.0:testResources (default-testResources) @ cards ---
[INFO] Using 'UTF-8' encoding to copy filtered resources.
[INFO] Using 'UTF-8' encoding to copy filtered properties files.
[INFO] skip non existing resourceDirectory C:\Users\rkhalledi\Desktop\springBootProjects\accounts-MS\cards\src\test\resources
[INFO] 
[INFO] --- maven-compiler-plugin:3.10.1:testCompile (default-testCompile) @ cards ---
[INFO] Nothing to compile - all classes are up to date
[INFO] 
[INFO] --- maven-surefire-plugin:2.22.2:test (default-test) @ cards ---
[INFO] Tests are skipped.
[INFO] 
[INFO] --- maven-jar-plugin:3.2.2:jar (default-jar) @ cards ---
[INFO] 
[INFO] --- spring-boot-maven-plugin:2.7.4:repackage (repackage) @ cards ---
[INFO] Replacing main artifact with repackaged archive
[INFO] 
[INFO] <<< spring-boot-maven-plugin:2.7.4:build-image (default-cli) < package @ cards <<<
[INFO] 
[INFO] 
[INFO] --- spring-boot-maven-plugin:2.7.4:build-image (default-cli) @ cards ---
[INFO] Building image 'docker.io/eazybytes/cards:latest'
[INFO] 
[INFO]  > Pulling builder image 'docker.io/paketobuildpacks/builder:base' 100%
[INFO] ------------------------------------------------------------------------
[INFO] BUILD FAILURE
[INFO] ------------------------------------------------------------------------
[INFO] Total time:  2.455 s
[INFO] Finished at: 2023-03-06T14:36:04+01:00
[INFO] ------------------------------------------------------------------------
[ERROR] Failed to execute goal org.springframework.boot:spring-boot-maven-plugin:2.7.4:build-image (default-cli) on project cards: Execution default-cli of goal org.springframework.boot:spring-boot-maven-plugin:2.7.4:build-image failed: Docker API call to 'localhost/v1.24/images/create?fromImage=docker.io%2Fpaketobuildpacks%2Fbuilder%3Abase' failed with status code 500 "Internal Server Error" -> [Help 1]
[ERROR] 
[ERROR] To see the full stack trace of the errors, re-run Maven with the -e switch.
[ERROR] Re-run Maven using the -X switch to enable full debug logging.
[ERROR] 
[ERROR] For more information about the errors and possible solutions, please read the following articles:
[ERROR] [Help 1] http://cwiki.apache.org/confluence/display/MAVEN/PluginExecutionException
done for cards/pom.xml
[INFO] Scanning for projects...
[INFO] 
[INFO] --------------------< com.eazybytes:gatewayserver >---------------------
[INFO] Building gatewayserver 0.0.1-SNAPSHOT
[INFO] --------------------------------[ war ]---------------------------------
[INFO] 
[INFO] >>> spring-boot-maven-plugin:2.6.12:build-image (default-cli) > package @ gatewayserver >>>
[INFO] 
[INFO] --- maven-resources-plugin:3.2.0:resources (default-resources) @ gatewayserver ---
[INFO] Using 'UTF-8' encoding to copy filtered resources.
[INFO] Using 'UTF-8' encoding to copy filtered properties files.
[INFO] Copying 1 resource
[INFO] Copying 0 resource
[INFO] 
[INFO] --- maven-compiler-plugin:3.8.1:compile (default-compile) @ gatewayserver ---
[INFO] Nothing to compile - all classes are up to date
[INFO] 
[INFO] --- maven-resources-plugin:3.2.0:testResources (default-testResources) @ gatewayserver ---
[INFO] Using 'UTF-8' encoding to copy filtered resources.
[INFO] Using 'UTF-8' encoding to copy filtered properties files.
[INFO] skip non existing resourceDirectory C:\Users\rkhalledi\Desktop\springBootProjects\accounts-MS\gatewayserver\src\test\resources
[INFO] 
[INFO] --- maven-compiler-plugin:3.8.1:testCompile (default-testCompile) @ gatewayserver ---
[INFO] Nothing to compile - all classes are up to date
[INFO] 
[INFO] --- maven-surefire-plugin:2.22.2:test (default-test) @ gatewayserver ---
[INFO] Tests are skipped.
[INFO] 
[INFO] --- maven-war-plugin:3.3.2:war (default-war) @ gatewayserver ---
[INFO] Packaging webapp
[INFO] Assembling webapp [gatewayserver] in [C:\Users\rkhalledi\Desktop\springBootProjects\accounts-MS\gatewayserver\target\gatewayserver-0.0.1-SNAPSHOT]
[INFO] Processing war project
[INFO] Building war: C:\Users\rkhalledi\Desktop\springBootProjects\accounts-MS\gatewayserver\target\gatewayserver-0.0.1-SNAPSHOT.war
[INFO] 
[INFO] --- spring-boot-maven-plugin:2.6.12:repackage (repackage) @ gatewayserver ---
[INFO] Replacing main artifact with repackaged archive
[INFO] 
[INFO] <<< spring-boot-maven-plugin:2.6.12:build-image (default-cli) < package @ gatewayserver <<<
[INFO] 
[INFO] 
[INFO] --- spring-boot-maven-plugin:2.6.12:build-image (default-cli) @ gatewayserver ---
[INFO] Building image 'docker.io/eazybytes/gatewayserver:latest'
[INFO] 
[INFO]  > Pulling builder image 'docker.io/paketobuildpacks/builder:base' 100%
[INFO] ------------------------------------------------------------------------
[INFO] BUILD FAILURE
[INFO] ------------------------------------------------------------------------
[INFO] Total time:  4.717 s
[INFO] Finished at: 2023-03-06T14:36:11+01:00
[INFO] ------------------------------------------------------------------------
[ERROR] Failed to execute goal org.springframework.boot:spring-boot-maven-plugin:2.6.12:build-image (default-cli) on project gatewayserver: Execution default-cli of goal org.springframework.boot:spring-boot-maven-plugin:2.6.12:build-image failed: Docker API call to 'localhost/v1.24/images/create?fromImage=docker.io%2Fpaketobuildpacks%2Fbuilder%3Abase' failed with status code 500 "Internal Server Error" -> [Help 1]
[ERROR] 
[ERROR] To see the full stack trace of the errors, re-run Maven with the -e switch.
[ERROR] Re-run Maven using the -X switch to enable full debug logging.
[ERROR] 
[ERROR] For more information about the errors and possible solutions, please read the following articles:
[ERROR] [Help 1] http://cwiki.apache.org/confluence/display/MAVEN/PluginExecutionException
done for gatewayserver/pom.xml
all done
